<?xml version="1.0" encoding="UTF-8"?>
<!-- Generated by org.testng.reporters.JUnitReportReporter -->
<testsuite hostname="raman-Vostro-3578" failures="0" tests="1" name="featureFiles.amazonTestRunner" time="43.301" errors="1" timestamp="2022-12-25T21:08:05 IST" skipped="0">
  <testcase classname="featureFiles.amazonTestRunner" name="runScenario" time="43.301">
    <error message="Index 1 out of bounds for length 1" type="java.lang.IndexOutOfBoundsException">
      <![CDATA[java.lang.IndexOutOfBoundsException: Index 1 out of bounds for length 1
at java.base/jdk.internal.util.Preconditions.outOfBounds(Preconditions.java:64)
at java.base/jdk.internal.util.Preconditions.outOfBoundsCheckIndex(Preconditions.java:70)
at java.base/jdk.internal.util.Preconditions.checkIndex(Preconditions.java:266)
at java.base/java.util.Objects.checkIndex(Objects.java:359)
at java.base/java.util.ArrayList.get(ArrayList.java:427)
at featureFiles.amazonSteps.verify_user_navigation_to_about_this_item_section(amazonSteps.java:49)
at ✽.Verify user navigation to About this item section(classpath:featureFiles/amazon.feature:7)
]]>
    </error>
  </testcase> <!-- runScenario -->
  <system-out/>
</testsuite> <!-- featureFiles.amazonTestRunner -->
